

times in msec
 clock   self+sourced   self:  sourced script
 clock   elapsed:              other lines

000.008  000.008: --- NVIM STARTING ---
000.263  000.255: event init
000.604  000.341: early init
001.346  000.742: locale set
001.486  000.140: init first window
002.149  000.664: inits 1
002.172  000.022: window checked
002.202  000.030: parsing arguments
003.196  000.108  000.108: require('vim.shared')
003.396  000.067  000.067: require('vim._meta')
003.398  000.199  000.132: require('vim._editor')
003.399  000.351  000.045: require('vim._init_packages')
003.401  000.848: init lua interpreter
003.490  000.089: expanding arguments
003.683  000.193: inits 2
004.060  000.377: init highlight
004.062  000.001: waiting for UI
007.675  003.613: done waiting for UI
007.737  000.062: init screen for UI
008.007  000.270: init default mappings
008.021  000.014: init default autocommands
008.692  000.104  000.104: sourcing /home/stewart/.local/share/nvim/runtime/ftplugin.vim
008.781  000.023  000.023: sourcing /home/stewart/.local/share/nvim/runtime/indent.vim
064.336  055.318  055.318: require('impatient')
064.511  000.165  000.165: require('impatient.profile')
064.752  000.037  000.037: require('vim.keymap')
065.385  000.487  000.487: require('core.utils.ui')
066.098  000.079  000.079: require('user.heirline.attributes')
066.153  000.763  000.684: require('core.utils.status')
066.409  000.109  000.109: require('core.utils.git')
066.535  000.103  000.103: require('user.updater')
066.705  000.549  000.337: require('core.utils.updater')
066.842  000.133  000.133: require('core.utils.mason')
068.011  000.188  000.188: require('vim.lsp.log')
068.899  000.005  000.005: require('vim.F')
068.903  000.888  000.883: require('vim.lsp.protocol')
069.440  000.259  000.259: require('vim.lsp._snippet')
069.557  000.113  000.113: require('vim.highlight')
069.594  000.690  000.318: require('vim.lsp.util')
069.627  002.032  000.267: require('vim.lsp.handlers')
069.864  000.234  000.234: require('vim.lsp.rpc')
069.969  000.101  000.101: require('vim.lsp.sync')
070.064  000.092  000.092: require('vim.lsp.buf')
070.125  000.058  000.058: require('vim.lsp.diagnostic')
070.238  000.111  000.111: require('vim.lsp.codelens')
070.375  003.214  000.587: require('vim.lsp')
070.474  003.629  000.415: require('core.utils.lsp')
070.476  005.938  000.339: require('core.utils')
070.846  000.086  000.086: require('user.options')
071.891  001.413  001.326: require('core.options')
073.439  000.642  000.642: require('vim.ui')
074.145  000.046  000.046: require('nvim-surround.input')
074.177  000.028  000.028: require('nvim-surround.functional')
074.201  000.256  000.182: require('nvim-surround.config')
074.207  000.398  000.142: require('nvim-surround.buffer')
074.253  000.042  000.042: require('nvim-surround.cache')
074.325  000.068  000.068: require('nvim-surround.utils')
074.329  000.643  000.134: require('nvim-surround')
075.090  000.180  000.180: require('wilder')
075.146  000.052  000.052: require('wilder.shim')
075.606  000.049  000.049: sourcing /home/stewart/.local/share/nvim/site/pack/packer/start/wilder.nvim/autoload/wilder/lua.vim
076.267  000.606  000.606: sourcing /home/stewart/.local/share/nvim/site/pack/packer/start/wilder.nvim/autoload/wilder.vim
076.353  000.018  000.018: sourcing /home/stewart/.local/share/nvim/site/pack/packer/start/wilder.nvim/autoload/wilder/setup.vim
076.508  000.036  000.036: sourcing /home/stewart/.local/share/nvim/site/pack/packer/start/wilder.nvim/autoload/wilder/options.vim
077.066  000.335  000.335: sourcing /home/stewart/.local/share/nvim/site/pack/packer/start/wilder.nvim/autoload/wilder/highlighter.vim
077.441  000.287  000.287: sourcing /home/stewart/.local/share/nvim/site/pack/packer/start/wilder.nvim/autoload/wilder/renderer/component/popupmenu_devicons.vim
077.595  000.103  000.103: sourcing /home/stewart/.local/share/nvim/site/pack/packer/start/wilder.nvim/autoload/wilder/cache.vim
077.721  000.019  000.019: sourcing /home/stewart/.local/share/nvim/site/pack/packer/start/wilder.nvim/autoload/wilder/renderer/component/popupmenu_scrollbar.vim
078.506  000.639  000.639: sourcing /home/stewart/.local/share/nvim/site/pack/packer/start/wilder.nvim/autoload/wilder/renderer/popupmenu.vim
078.740  000.144  000.144: sourcing /home/stewart/.local/share/nvim/site/pack/packer/start/wilder.nvim/autoload/wilder/render.vim
078.943  000.082  000.082: sourcing /home/stewart/.local/share/nvim/site/pack/packer/start/wilder.nvim/autoload/wilder/renderer/component/popupmenu_error_message.vim
079.529  000.274  000.274: sourcing /home/stewart/.local/share/nvim/site/pack/packer/start/wilder.nvim/autoload/wilder/highlight.vim
081.217  000.078  000.078: sourcing /home/stewart/.local/share/nvim/site/pack/packer/start/wilder.nvim/autoload/wilder/renderer/nvim_api.vim
082.103  000.081  000.081: require('todo-comments.util')
082.140  000.268  000.187: require('todo-comments.config')
082.317  000.127  000.127: require('todo-comments.highlight')
082.321  000.178  000.051: require('todo-comments.jump')
082.323  000.628  000.182: require('todo-comments')
082.458  000.104  000.104: require('gruvbox')
083.412  000.094  000.094: require('packer.util')
083.487  000.421  000.328: require('packer')
083.720  000.201  000.201: require('packer.log')
084.201  000.075  000.075: require('packer.async')
084.382  000.069  000.069: require('packer.result')
084.385  000.181  000.111: require('packer.jobs')
084.403  000.488  000.233: require('packer.plugin_utils')
084.506  000.093  000.093: require('packer.snapshot')
085.120  000.087  000.087: require('packer.load')
086.090  000.095  000.095: require('nvim-treesitter.utils')
086.880  000.094  000.094: require('vim.treesitter.language')
086.900  000.254  000.159: require('vim.treesitter.query')
087.069  000.150  000.150: require('vim.treesitter.languagetree')
087.109  000.567  000.164: require('vim.treesitter')
087.599  001.505  000.938: require('nvim-treesitter.parsers')
088.180  000.101  000.101: require('nvim-treesitter.ts_utils')
088.197  000.232  000.130: require('nvim-treesitter.tsrange')
088.256  000.055  000.055: require('nvim-treesitter.caching')
088.276  000.438  000.152: require('nvim-treesitter.query')
088.313  000.626  000.187: require('nvim-treesitter.configs')
088.317  000.714  000.088: require('nvim-treesitter.info')
088.430  000.110  000.110: require('nvim-treesitter.shell_command_selectors')
088.472  002.698  000.273: require('nvim-treesitter.install')
088.533  000.056  000.056: require('nvim-treesitter.statusline')
088.608  000.071  000.071: require('nvim-treesitter.query_predicates')
088.610  003.084  000.259: require('nvim-treesitter')
089.001  003.517  000.433: sourcing /home/stewart/.local/share/nvim/site/pack/packer/opt/nvim-treesitter/plugin/nvim-treesitter.lua
089.357  000.097  000.097: require('user.plugins.treesitter')
089.752  000.092  000.092: require('nvim-treesitter.locals')
089.770  000.193  000.101: require('nvim-treesitter.incremental_selection')
089.941  000.061  000.061: require('nvim-treesitter.highlight')
089.947  000.825  000.473: require('configs.treesitter')
090.599  000.057  000.057: require('nvim-ts-autotag._log')
090.604  000.120  000.062: require('nvim-ts-autotag.utils')
090.623  000.298  000.178: require('nvim-ts-autotag.internal')
090.625  000.453  000.155: require('nvim-ts-autotag')
090.739  000.597  000.144: sourcing /home/stewart/.local/share/nvim/site/pack/packer/opt/nvim-ts-autotag/plugin/nvim-ts-autotag.vim
091.187  000.114  000.114: require('ts_context_commentstring')
091.244  000.184  000.070: sourcing /home/stewart/.local/share/nvim/site/pack/packer/opt/nvim-ts-context-commentstring/plugin/ts_context_commentstring.vim
091.621  000.114  000.114: require('rainbow')
091.735  000.236  000.122: sourcing /home/stewart/.local/share/nvim/site/pack/packer/opt/nvim-ts-rainbow/plugin/rainbow.vim
091.819  006.791  001.344: require('nvim-treesitter.ts_utils')
091.984  000.130  000.130: require('vim.treesitter.highlighter')
092.100  007.284  000.363: require('treesitter-context')
092.641  000.096  000.096: require('ufo')
092.815  000.102  000.102: require('ufo.utils')
093.065  000.056  000.056: require('promise-async.utils')
093.157  000.060  000.060: require('promise-async.error')
093.238  000.075  000.075: require('promise-async.loop')
093.255  000.353  000.163: require('promise')
093.353  000.095  000.095: require('ufo.lib.log')
093.355  000.537  000.089: require('ufo.provider')
093.750  000.301  000.301: require('ufo.config')
093.915  000.088  000.088: require('promise-async.compat')
093.918  000.164  000.076: require('async')
094.019  000.055  000.055: require('ufo.lib.disposable')
094.022  000.101  000.046: require('ufo.lib.event')
094.259  000.071  000.071: require('ufo.model.buffer')
094.329  000.067  000.067: require('ufo.model.foldedline')
094.345  000.248  000.109: require('ufo.model.foldbuffer')
094.418  000.070  000.070: require('ufo.bufmanager')
094.604  000.048  000.048: require('ffi')
094.652  000.163  000.115: require('ufo.wffi')
094.655  000.234  000.070: require('ufo.fold.driver')
094.670  000.647  000.095: require('ufo.fold.manager')
094.731  000.056  000.056: require('ufo.lib.debounce')
094.779  001.422  000.152: require('ufo.fold')
095.060  000.069  000.069: require('ufo.highlight')
095.117  000.055  000.055: require('ufo.render.extmark')
095.174  000.054  000.054: require('ufo.render.treesitter')
095.229  000.053  000.053: require('ufo.render.match')
095.233  000.344  000.113: require('ufo.render')
095.248  000.465  000.122: require('ufo.decorator')
095.587  000.221  000.221: require('ufo.preview.floatwin')
095.655  000.064  000.064: require('ufo.preview.scrollbar')
095.767  000.097  000.097: require('ufo.preview.winbar')
095.828  000.059  000.059: require('ufo.preview.keymap')
095.850  000.598  000.157: require('ufo.preview')
095.867  003.220  000.096: require('ufo.main')
096.221  011.483  000.882: require('user.plugins.init')
096.714  014.204  001.517: require('core.plugins')
097.050  000.059  000.059: require('user.colorscheme')
100.005  000.666  000.666: require('gruvbox.groups')
100.119  000.095  000.095: require('gruvbox.palette')
101.824  002.567  001.807: sourcing /home/stewart/.local/share/nvim/site/pack/packer/start/gruvbox/colors/gruvbox.lua
102.114  000.230  000.230: require('rainbow.internal')
102.155  030.258  008.278: require('core.bootstrap')
102.334  000.098  000.098: require('core.icons.nerd_font')
102.506  000.088  000.088: require('core.icons.text')
102.660  000.067  000.067: require('user.diagnostics')
103.024  000.355  000.355: require('vim.diagnostic')
103.068  000.910  000.300: require('core.diagnostics')
103.321  000.221  000.221: require('core.autocmds')
198.853  000.144  000.144: require('user.mappings')
201.219  097.891  097.747: require('core.mappings')
201.488  000.078  000.078: require('user.which-key.register')
201.869  000.021  000.021: sourcing /home/stewart/.local/share/nvim/site/pack/packer/opt/which-key.nvim/plugin/which-key.vim
202.496  000.098  000.098: require('which-key.util')
202.499  000.160  000.062: require('which-key.tree')
202.612  000.110  000.110: require('which-key.config')
202.629  000.427  000.157: require('which-key.keys')
202.633  000.523  000.096: require('which-key')
202.902  000.917  000.393: require('configs.which-key')
202.906  001.387  000.450: require('which-key')
202.930  001.688  000.222: require('configs.which-key-register')
203.029  000.071  000.071: require('user.polish')
203.088  194.134  000.262: sourcing /home/stewart/.config/nvim/init.lua
203.095  000.813: sourcing vimrc file(s)
203.781  000.231  000.231: sourcing /home/stewart/.local/share/nvim/runtime/filetype.lua
203.820  000.027  000.027: sourcing /home/stewart/.local/share/nvim/runtime/filetype.vim
203.996  000.070  000.070: sourcing /home/stewart/.local/share/nvim/runtime/syntax/synload.vim
204.057  000.216  000.147: sourcing /home/stewart/.local/share/nvim/runtime/syntax/syntax.vim
204.384  000.011  000.011: sourcing /home/stewart/.local/share/nvim/site/pack/packer/opt/which-key.nvim/plugin/which-key.vim
204.583  000.172  000.172: sourcing /home/stewart/.local/share/nvim/site/pack/packer/opt/nvim-ts-rainbow/plugin/rainbow.vim
204.708  000.088  000.088: sourcing /home/stewart/.local/share/nvim/site/pack/packer/opt/nvim-ts-context-commentstring/plugin/ts_context_commentstring.vim
204.891  000.092  000.092: sourcing /home/stewart/.local/share/nvim/site/pack/packer/opt/nvim-ts-autotag/plugin/nvim-ts-autotag.vim
205.112  000.013  000.013: sourcing /home/stewart/.local/share/nvim/runtime/plugin/gzip.vim
205.143  000.024  000.024: sourcing /home/stewart/.local/share/nvim/runtime/plugin/health.vim
205.171  000.020  000.020: sourcing /home/stewart/.local/share/nvim/runtime/plugin/matchit.vim
205.305  000.113  000.113: sourcing /home/stewart/.local/share/nvim/runtime/plugin/matchparen.vim
205.325  000.011  000.011: sourcing /home/stewart/.local/share/nvim/runtime/plugin/netrwPlugin.vim
205.363  000.007  000.007: sourcing /home/stewart/.local/share/nvim/runtime/plugin/rplugin.vim
205.466  000.082  000.082: sourcing /home/stewart/.local/share/nvim/runtime/plugin/shada.vim
205.554  000.016  000.016: sourcing /home/stewart/.local/share/nvim/runtime/plugin/spellfile.vim
205.599  000.011  000.011: sourcing /home/stewart/.local/share/nvim/runtime/plugin/tarPlugin.vim
205.661  000.035  000.035: sourcing /home/stewart/.local/share/nvim/runtime/plugin/tohtml.vim
205.747  000.030  000.030: sourcing /home/stewart/.local/share/nvim/runtime/plugin/tutor.vim
205.783  000.013  000.013: sourcing /home/stewart/.local/share/nvim/runtime/plugin/zipPlugin.vim
205.996  000.043  000.043: sourcing /home/stewart/.local/share/nvim/site/pack/packer/opt/nvim-treesitter/plugin/nvim-treesitter.lua
206.220  000.059  000.059: sourcing /home/stewart/.local/share/nvim/runtime/plugin/man.lua
206.235  001.824: loading rtp plugins
206.509  000.024  000.024: sourcing /home/stewart/.local/share/nvim/site/pack/packer/start/nvim-treesitter-context/plugin/treesitter-context.vim
206.665  000.022  000.022: sourcing /home/stewart/.local/share/nvim/site/pack/packer/start/todo-comments.nvim/plugin/todo.vim
206.791  000.511: loading packages
207.151  000.360: loading after plugins
207.164  000.013: inits 3
208.840  001.676: reading ShaDa
209.288  000.448: opening buffers
209.581  000.293: BufEnter autocommands
209.584  000.003: editing files in windows
210.665  000.137  000.137: require('heirline.utils')
210.750  000.080  000.080: require('heirline.highlights')
210.769  000.348  000.131: require('heirline.statusline')
210.774  000.476  000.127: require('heirline')
210.925  000.149  000.149: require('default_theme.colors')
212.491  000.080  000.080: require('user.heirline.colors')
215.964  006.094  005.390: require('configs.heirline')
216.700  000.199  000.199: require('alpha')
216.851  000.100  000.100: require('user.header')
217.017  000.725  000.426: require('configs.alpha')
217.021  000.935  000.210: require('alpha')
218.896  000.145  000.145: require('which-key.plugins')
218.971  000.069  000.069: require('which-key.plugins.registers')
219.137  000.107  000.107: require('which-key.mappings')
219.282  000.137  000.137: require('vim.inspect')
220.519  000.135  000.135: require('which-key.plugins.spelling')
220.957  000.190  000.190: require('which-key.plugins.presets')
221.087  000.124  000.124: require('which-key.plugins.presets.misc')
221.167  000.072  000.072: require('which-key.plugins.marks')
222.468  000.055  000.055: require('which-key.colors')
242.534  024.887: VimEnter autocommands
242.543  000.009: UIEnter autocommands
243.320  000.173  000.173: sourcing /home/stewart/.local/share/nvim/runtime/autoload/provider/clipboard.vim
243.327  000.610: before starting main loop
248.373  005.046: first screen update
248.379  000.006: --- NVIM STARTED ---
